<?xml version="1.0" encoding="UTF-8"?>
<testng-results ignored="0" total="1" passed="1" failed="0" skipped="0">
  <reporter-output>
  </reporter-output>
  <suite started-at="2025-04-27T18:52:34 MST" name="Suite" finished-at="2025-04-27T18:52:44 MST" duration-ms="9461">
    <groups>
    </groups>
    <test started-at="2025-04-27T18:52:34 MST" name="Test" finished-at="2025-04-27T18:52:44 MST" duration-ms="9461">
      <class name="testCases.tc_001_LoginTest">
        <test-method is-config="true" signature="setup()[pri:0, instance:testCases.tc_001_LoginTest@44c03695]" started-at="2025-04-27T18:52:34 MST" name="setup" finished-at="2025-04-27T18:52:42 MST" duration-ms="7208" status="PASS">
          <reporter-output>
          </reporter-output>
        </test-method> <!-- setup -->
        <test-method signature="LogitTest()[pri:0, instance:testCases.tc_001_LoginTest@44c03695]" started-at="2025-04-27T18:52:42 MST" name="LogitTest" finished-at="2025-04-27T18:52:43 MST" duration-ms="1933" status="PASS">
          <reporter-output>
          </reporter-output>
        </test-method> <!-- LogitTest -->
        <test-method is-config="true" signature="tearDown()[pri:0, instance:testCases.tc_001_LoginTest@44c03695]" started-at="2025-04-27T18:52:44 MST" name="tearDown" finished-at="2025-04-27T18:52:44 MST" duration-ms="179" status="PASS">
          <reporter-output>
          </reporter-output>
        </test-method> <!-- tearDown -->
      </class> <!-- testCases.tc_001_LoginTest -->
    </test> <!-- Test -->
  </suite> <!-- Suite -->
</testng-results>
